This is XeTeX, Version 3.141592653-2.6-0.999995 (TeX Live 2023/Debian) (preloaded format=xelatex 2024.10.19)  23 MAY 2026 14:53
entering extended mode
 restricted \write18 enabled.
 %&-line parsing enabled.
**report.tex
(./report.tex
LaTeX2e <2023-11-01> patch level 1
L3 programming layer <2024-01-22>
(/usr/share/texlive/texmf-dist/tex/latex/base/article.cls
Document Class: article 2023/05/17 v1.4n Standard LaTeX document class
(/usr/share/texlive/texmf-dist/tex/latex/base/size10.clo
File: size10.clo 2023/05/17 v1.4n Standard LaTeX file (size option)
)
\c@part=\count183
\c@section=\count184
\c@subsection=\count185
\c@subsubsection=\count186
\c@paragraph=\count187
\c@subparagraph=\count188
\c@figure=\count189
\c@table=\count190
\abovecaptionskip=\skip48
\belowcaptionskip=\skip49
\bibindent=\dimen140
)
(/usr/share/texlive/texmf-dist/tex/latex/graphics/graphicx.sty
Package: graphicx 2021/09/16 v1.2d Enhanced LaTeX Graphics (DPC,SPQR)

(/usr/share/texlive/texmf-dist/tex/latex/graphics/keyval.sty
Package: keyval 2022/05/29 v1.15 key=value parser (DPC)
\KV@toks@=\toks17
)
(/usr/share/texlive/texmf-dist/tex/latex/graphics/graphics.sty
Package: graphics 2022/03/10 v1.4e Standard LaTeX Graphics (DPC,SPQR)

(/usr/share/texlive/texmf-dist/tex/latex/graphics/trig.sty
Package: trig 2021/08/11 v1.11 sin cos tan (DPC)
)
(/usr/share/texlive/texmf-dist/tex/latex/graphics-cfg/graphics.cfg
File: graphics.cfg 2016/06/04 v1.11 sample graphics configuration
)
Package graphics Info: Driver file: xetex.def on input line 107.

(/usr/share/texlive/texmf-dist/tex/latex/graphics-def/xetex.def
File: xetex.def 2022/09/22 v5.0n Graphics/color driver for xetex
))
\Gin@req@height=\dimen141
\Gin@req@width=\dimen142
)
(/usr/share/texlive/texmf-dist/tex/latex/hyperref/hyperref.sty
Package: hyperref 2024-01-20 v7.01h Hypertext links for LaTeX

(/usr/share/texlive/texmf-dist/tex/generic/iftex/iftex.sty
Package: iftex 2022/02/03 v1.0f TeX engine tests
)
(/usr/share/texlive/texmf-dist/tex/latex/kvsetkeys/kvsetkeys.sty
Package: kvsetkeys 2022-10-05 v1.19 Key value parser (HO)
)
(/usr/share/texlive/texmf-dist/tex/generic/kvdefinekeys/kvdefinekeys.sty
Package: kvdefinekeys 2019-12-19 v1.6 Define keys (HO)
)
(/usr/share/texlive/texmf-dist/tex/generic/pdfescape/pdfescape.sty
Package: pdfescape 2019/12/09 v1.15 Implements pdfTeX's escape features (HO)

(/usr/share/texlive/texmf-dist/tex/generic/ltxcmds/ltxcmds.sty
Package: ltxcmds 2023-12-04 v1.26 LaTeX kernel commands for general use (HO)
)
(/usr/share/texlive/texmf-dist/tex/generic/pdftexcmds/pdftexcmds.sty
Package: pdftexcmds 2020-06-27 v0.33 Utility functions of pdfTeX for LuaTeX (HO
)

(/usr/share/texlive/texmf-dist/tex/generic/infwarerr/infwarerr.sty
Package: infwarerr 2019/12/03 v1.5 Providing info/warning/error messages (HO)
)
Package pdftexcmds Info: \pdf@primitive is available.
Package pdftexcmds Info: \pdf@ifprimitive is available.
Package pdftexcmds Info: \pdfdraftmode not found.
))
(/usr/share/texlive/texmf-dist/tex/latex/hycolor/hycolor.sty
Package: hycolor 2020-01-27 v1.10 Color options for hyperref/bookmark (HO)
)
(/usr/share/texlive/texmf-dist/tex/latex/auxhook/auxhook.sty
Package: auxhook 2019-12-17 v1.6 Hooks for auxiliary files (HO)
)
(/usr/share/texlive/texmf-dist/tex/latex/hyperref/nameref.sty
Package: nameref 2023-11-26 v2.56 Cross-referencing by name of section

(/usr/share/texlive/texmf-dist/tex/latex/refcount/refcount.sty
Package: refcount 2019/12/15 v3.6 Data extraction from label references (HO)
)
(/usr/share/texlive/texmf-dist/tex/generic/gettitlestring/gettitlestring.sty
Package: gettitlestring 2019/12/15 v1.6 Cleanup title references (HO)

(/usr/share/texlive/texmf-dist/tex/latex/kvoptions/kvoptions.sty
Package: kvoptions 2022-06-15 v3.15 Key value format for package options (HO)
))
\c@section@level=\count191
)
(/usr/share/texlive/texmf-dist/tex/latex/etoolbox/etoolbox.sty
Package: etoolbox 2020/10/05 v2.5k e-TeX tools for LaTeX (JAW)
\etb@tempcnta=\count192
)
\@linkdim=\dimen143
\Hy@linkcounter=\count193
\Hy@pagecounter=\count194

(/usr/share/texlive/texmf-dist/tex/latex/hyperref/pd1enc.def
File: pd1enc.def 2024-01-20 v7.01h Hyperref: PDFDocEncoding definition (HO)
)
(/usr/share/texlive/texmf-dist/tex/generic/intcalc/intcalc.sty
Package: intcalc 2019/12/15 v1.3 Expandable calculations with integers (HO)
)
\Hy@SavedSpaceFactor=\count195

(/usr/share/texlive/texmf-dist/tex/latex/hyperref/puenc.def
File: puenc.def 2024-01-20 v7.01h Hyperref: PDF Unicode definition (HO)
)
Package hyperref Info: Hyper figures OFF on input line 4179.
Package hyperref Info: Link nesting OFF on input line 4184.
Package hyperref Info: Hyper index ON on input line 4187.
Package hyperref Info: Plain pages OFF on input line 4194.
Package hyperref Info: Backreferencing OFF on input line 4199.
Package hyperref Info: Implicit mode ON; LaTeX internals redefined.
Package hyperref Info: Bookmarks ON on input line 4446.
\c@Hy@tempcnt=\count196

(/usr/share/texlive/texmf-dist/tex/latex/url/url.sty
\Urlmuskip=\muskip16
Package: url 2013/09/16  ver 3.4  Verb mode for urls, etc.
)
LaTeX Info: Redefining \url on input line 4784.
\XeTeXLinkMargin=\dimen144

(/usr/share/texlive/texmf-dist/tex/generic/bitset/bitset.sty
Package: bitset 2019/12/09 v1.3 Handle bit-vector datatype (HO)

(/usr/share/texlive/texmf-dist/tex/generic/bigintcalc/bigintcalc.sty
Package: bigintcalc 2019/12/15 v1.5 Expandable calculations on big integers (HO
)
))
\Fld@menulength=\count197
\Field@Width=\dimen145
\Fld@charsize=\dimen146
Package hyperref Info: Hyper figures OFF on input line 6063.
Package hyperref Info: Link nesting OFF on input line 6068.
Package hyperref Info: Hyper index ON on input line 6071.
Package hyperref Info: backreferencing OFF on input line 6078.
Package hyperref Info: Link coloring OFF on input line 6083.
Package hyperref Info: Link coloring with OCG OFF on input line 6088.
Package hyperref Info: PDF/A mode OFF on input line 6093.

(/usr/share/texlive/texmf-dist/tex/latex/base/atbegshi-ltx.sty
Package: atbegshi-ltx 2021/01/10 v1.0c Emulation of the original atbegshi
package with kernel methods
)
\Hy@abspage=\count198
\c@Item=\count199
\c@Hfootnote=\count266
)
Package hyperref Info: Driver (autodetected): hxetex.

(/usr/share/texlive/texmf-dist/tex/latex/hyperref/hxetex.def
File: hxetex.def 2024-01-20 v7.01h Hyperref driver for XeTeX

(/usr/share/texlive/texmf-dist/tex/generic/stringenc/stringenc.sty
Package: stringenc 2019/11/29 v1.12 Convert strings between diff. encodings (HO
)
)
\pdfm@box=\box51
\c@Hy@AnnotLevel=\count267
\HyField@AnnotCount=\count268
\Fld@listcount=\count269
\c@bookmark@seq@number=\count270

(/usr/share/texlive/texmf-dist/tex/latex/rerunfilecheck/rerunfilecheck.sty
Package: rerunfilecheck 2022-07-10 v1.10 Rerun checks for auxiliary files (HO)

(/usr/share/texlive/texmf-dist/tex/latex/base/atveryend-ltx.sty
Package: atveryend-ltx 2020/08/19 v1.0a Emulation of the original atveryend pac
kage
with kernel methods
)
(/usr/share/texlive/texmf-dist/tex/generic/uniquecounter/uniquecounter.sty
Package: uniquecounter 2019/12/15 v1.4 Provide unlimited unique counter (HO)
)
Package uniquecounter Info: New unique counter `rerunfilecheck' on input line 2
85.
)
\Hy@SectionHShift=\skip50
)
(/usr/share/texlive/texmf-dist/tex/latex/amsmath/amsmath.sty
Package: amsmath 2023/05/13 v2.17o AMS math features
\@mathmargin=\skip51

For additional information on amsmath, use the `?' option.
(/usr/share/texlive/texmf-dist/tex/latex/amsmath/amstext.sty
Package: amstext 2021/08/26 v2.01 AMS text

(/usr/share/texlive/texmf-dist/tex/latex/amsmath/amsgen.sty
File: amsgen.sty 1999/11/30 v2.0 generic functions
\@emptytoks=\toks18
\ex@=\dimen147
))
(/usr/share/texlive/texmf-dist/tex/latex/amsmath/amsbsy.sty
Package: amsbsy 1999/11/29 v1.2d Bold Symbols
\pmbraise@=\dimen148
)
(/usr/share/texlive/texmf-dist/tex/latex/amsmath/amsopn.sty
Package: amsopn 2022/04/08 v2.04 operator names
)
\inf@bad=\count271
LaTeX Info: Redefining \frac on input line 234.
\uproot@=\count272
\leftroot@=\count273
LaTeX Info: Redefining \overline on input line 399.
LaTeX Info: Redefining \colon on input line 410.
\classnum@=\count274
\DOTSCASE@=\count275
LaTeX Info: Redefining \ldots on input line 496.
LaTeX Info: Redefining \dots on input line 499.
LaTeX Info: Redefining \cdots on input line 620.
\Mathstrutbox@=\box52
\strutbox@=\box53
LaTeX Info: Redefining \big on input line 722.
LaTeX Info: Redefining \Big on input line 723.
LaTeX Info: Redefining \bigg on input line 724.
LaTeX Info: Redefining \Bigg on input line 725.
\big@size=\dimen149
LaTeX Font Info:    Redeclaring font encoding OML on input line 743.
LaTeX Font Info:    Redeclaring font encoding OMS on input line 744.
\macc@depth=\count276
LaTeX Info: Redefining \bmod on input line 905.
LaTeX Info: Redefining \pmod on input line 910.
LaTeX Info: Redefining \smash on input line 940.
LaTeX Info: Redefining \relbar on input line 970.
LaTeX Info: Redefining \Relbar on input line 971.
\c@MaxMatrixCols=\count277
\dotsspace@=\muskip17
\c@parentequation=\count278
\dspbrk@lvl=\count279
\tag@help=\toks19
\row@=\count280
\column@=\count281
\maxfields@=\count282
\andhelp@=\toks20
\eqnshift@=\dimen150
\alignsep@=\dimen151
\tagshift@=\dimen152
\tagwidth@=\dimen153
\totwidth@=\dimen154
\lineht@=\dimen155
\@envbody=\toks21
\multlinegap=\skip52
\multlinetaggap=\skip53
\mathdisplay@stack=\toks22
LaTeX Info: Redefining \[ on input line 2953.
LaTeX Info: Redefining \] on input line 2954.
)
(/usr/share/texlive/texmf-dist/tex/latex/amsfonts/amssymb.sty
Package: amssymb 2013/01/14 v3.01 AMS font symbols

(/usr/share/texlive/texmf-dist/tex/latex/amsfonts/amsfonts.sty
Package: amsfonts 2013/01/14 v3.01 Basic AMSFonts support
\symAMSa=\mathgroup4
\symAMSb=\mathgroup5
LaTeX Font Info:    Redeclaring math symbol \hbar on input line 98.
LaTeX Font Info:    Overwriting math alphabet `\mathfrak' in version `bold'
(Font)                  U/euf/m/n --> U/euf/b/n on input line 106.
))
(/usr/share/texlive/texmf-dist/tex/latex/fontspec/fontspec.sty
(/usr/share/texlive/texmf-dist/tex/latex/l3packages/xparse/xparse.sty
(/usr/share/texlive/texmf-dist/tex/latex/l3kernel/expl3.sty
Package: expl3 2024-01-22 L3 programming layer (loader) 

(/usr/share/texlive/texmf-dist/tex/latex/l3backend/l3backend-xetex.def
File: l3backend-xetex.def 2024-01-04 L3 backend support: XeTeX
\g__graphics_track_int=\count283
\l__pdf_internal_box=\box54
\g__pdf_backend_object_int=\count284
\g__pdf_backend_annotation_int=\count285
\g__pdf_backend_link_int=\count286
))
Package: xparse 2023-10-10 L3 Experimental document command parser
)
Package: fontspec 2022/01/15 v2.8a Font selection for XeLaTeX and LuaLaTeX

(/usr/share/texlive/texmf-dist/tex/latex/fontspec/fontspec-xetex.sty
Package: fontspec-xetex 2022/01/15 v2.8a Font selection for XeLaTeX and LuaLaTe
X
\l__fontspec_script_int=\count287
\l__fontspec_language_int=\count288
\l__fontspec_strnum_int=\count289
\l__fontspec_tmp_int=\count290
\l__fontspec_tmpa_int=\count291
\l__fontspec_tmpb_int=\count292
\l__fontspec_tmpc_int=\count293
\l__fontspec_em_int=\count294
\l__fontspec_emdef_int=\count295
\l__fontspec_strong_int=\count296
\l__fontspec_strongdef_int=\count297
\l__fontspec_tmpa_dim=\dimen156
\l__fontspec_tmpb_dim=\dimen157
\l__fontspec_tmpc_dim=\dimen158

(/usr/share/texlive/texmf-dist/tex/latex/base/fontenc.sty
Package: fontenc 2021/04/29 v2.0v Standard LaTeX package
)
(/usr/share/texlive/texmf-dist/tex/latex/fontspec/fontspec.cfg)))
(/usr/share/texlive/texmf-dist/tex/latex/base/fontenc.sty
Package: fontenc 2021/04/29 v2.0v Standard LaTeX package
LaTeX Font Info:    Trying to load font information for OT1+lmr on input line 1
12.

(/usr/share/texmf/tex/latex/lm/ot1lmr.fd
File: ot1lmr.fd 2015/05/01 v1.6.1 Font defs for Latin Modern
))
(/usr/share/texlive/texmf-dist/tex/latex/boisik/boisik.sty
Package: boisik 2009/08/21 bsk-v0.5

(/usr/share/texlive/texmf-dist/tex/latex/boisik/lbmenc.def
File: lbmenc.def 2009/08/21 v0.5 Boisik encoding for second math symbol font
)
(/usr/share/texlive/texmf-dist/tex/latex/boisik/lbsenc.def
File: lbsenc.def 2009/08/21 v0.5 Boisik encoding for math symbol font
)
(/usr/share/texlive/texmf-dist/tex/latex/boisik/lblenc.def
File: lblenc.def 2009/08/21 v0.5 Boisik encoding similar to OML
)
LaTeX Font Info:    Redeclaring symbol font `operators' on input line 30.
LaTeX Font Info:    Overwriting symbol font `operators' in version `normal'
(Font)                  OT1/cmr/m/n --> OT1/bskf/m/n on input line 30.
LaTeX Font Info:    Overwriting symbol font `operators' in version `bold'
(Font)                  OT1/cmr/bx/n --> OT1/bskf/m/n on input line 30.
LaTeX Font Info:    Redeclaring symbol font `letters' on input line 31.
LaTeX Font Info:    Encoding `OML' has changed to `LBL' for symbol font
(Font)              `letters' in the math version `normal' on input line 31.
LaTeX Font Info:    Overwriting symbol font `letters' in version `normal'
(Font)                  OML/cmm/m/it --> LBL/bskm/m/it on input line 31.
LaTeX Font Info:    Encoding `OML' has changed to `LBL' for symbol font
(Font)              `letters' in the math version `bold' on input line 31.
LaTeX Font Info:    Overwriting symbol font `letters' in version `bold'
(Font)                  OML/cmm/b/it --> LBL/bskm/m/it on input line 31.
LaTeX Font Info:    Redeclaring symbol font `symbols' on input line 32.
LaTeX Font Info:    Encoding `OMS' has changed to `LBS' for symbol font
(Font)              `symbols' in the math version `normal' on input line 32.
LaTeX Font Info:    Overwriting symbol font `symbols' in version `normal'
(Font)                  OMS/cmsy/m/n --> LBS/bsksy/m/n on input line 32.
LaTeX Font Info:    Encoding `OMS' has changed to `LBS' for symbol font
(Font)              `symbols' in the math version `bold' on input line 32.
LaTeX Font Info:    Overwriting symbol font `symbols' in version `bold'
(Font)                  OMS/cmsy/b/n --> LBS/bsksy/m/n on input line 32.
LaTeX Font Info:    Redeclaring symbol font `largesymbols' on input line 33.
LaTeX Font Info:    Encoding `OMX' has changed to `U' for symbol font
(Font)              `largesymbols' in the math version `normal' on input line 3
3.
LaTeX Font Info:    Overwriting symbol font `largesymbols' in version `normal'
(Font)                  OMX/cmex/m/n --> U/bskex/m/n on input line 33.
LaTeX Font Info:    Encoding `OMX' has changed to `U' for symbol font
(Font)              `largesymbols' in the math version `bold' on input line 33.

LaTeX Font Info:    Overwriting symbol font `largesymbols' in version `bold'
(Font)                  OMX/cmex/m/n --> U/bskex/m/n on input line 33.
\symbsksymbols=\mathgroup6
\symbskadd=\mathgroup7
LaTeX Font Info:    Redeclaring math alphabet \mathsf on input line 43.
LaTeX Font Info:    Redeclaring math alphabet \mathbf on input line 44.
LaTeX Font Info:    Overwriting math alphabet `\mathbf' in version `normal'
(Font)                  OT1/cmr/bx/n --> OT1/bsk/b/n on input line 44.
LaTeX Font Info:    Overwriting math alphabet `\mathbf' in version `bold'
(Font)                  OT1/cmr/bx/n --> OT1/bsk/b/n on input line 44.
LaTeX Font Info:    Redeclaring math alphabet \mathit on input line 45.
LaTeX Font Info:    Overwriting math alphabet `\mathit' in version `normal'
(Font)                  OT1/cmr/m/it --> OT1/bsk/m/it on input line 45.
LaTeX Font Info:    Overwriting math alphabet `\mathit' in version `bold'
(Font)                  OT1/cmr/bx/it --> OT1/bsk/m/it on input line 45.
LaTeX Font Info:    Redeclaring math symbol \dabar@ on input line 57.
LaTeX Font Info:    Redeclaring math symbol \cdot on input line 66.
LaTeX Font Info:    Redeclaring math symbol \times on input line 67.
LaTeX Font Info:    Redeclaring math symbol \ast on input line 68.
LaTeX Font Info:    Redeclaring math symbol \div on input line 70.
LaTeX Font Info:    Redeclaring math symbol \diamond on input line 71.
LaTeX Font Info:    Redeclaring math symbol \pm on input line 72.
LaTeX Font Info:    Redeclaring math symbol \oplus on input line 74.
LaTeX Font Info:    Redeclaring math symbol \ominus on input line 75.
LaTeX Font Info:    Redeclaring math symbol \otimes on input line 76.
LaTeX Font Info:    Redeclaring math symbol \cup on input line 77.
LaTeX Font Info:    Redeclaring math symbol \cap on input line 78.
LaTeX Font Info:    Redeclaring math symbol \uplus on input line 79.
LaTeX Font Info:    Redeclaring math symbol \wedge on input line 80.
LaTeX Font Info:    Redeclaring math symbol \vee on input line 81.
LaTeX Font Info:    Redeclaring math symbol \leftharpoonup on input line 82.
LaTeX Font Info:    Redeclaring math symbol \leftharpoondown on input line 83.
LaTeX Font Info:    Redeclaring math symbol \rightharpoonup on input line 84.
LaTeX Font Info:    Redeclaring math symbol \rightharpoondown on input line 85.

LaTeX Font Info:    Redeclaring math symbol \upharpoonright on input line 86.
LaTeX Font Info:    Redeclaring math symbol \downharpoonright on input line 87.

LaTeX Font Info:    Redeclaring math symbol \upharpoonleft on input line 88.
LaTeX Font Info:    Redeclaring math symbol \downharpoonleft on input line 89.
LaTeX Font Info:    Redeclaring math symbol \leftrightarrows on input line 90.
LaTeX Font Info:    Redeclaring math symbol \rightleftarrows on input line 91.
LaTeX Font Info:    Redeclaring math symbol \leftrightharpoons on input line 93
.
LaTeX Font Info:    Redeclaring math symbol \leftleftarrows on input line 94.
LaTeX Font Info:    Redeclaring math symbol \rightrightarrows on input line 95.

LaTeX Font Info:    Redeclaring math symbol \upuparrows on input line 96.
LaTeX Font Info:    Redeclaring math symbol \downdownarrows on input line 97.
LaTeX Font Info:    Redeclaring math symbol \twoheadrightarrow on input line 98
.
LaTeX Font Info:    Redeclaring math symbol \twoheadleftarrow on input line 99.

LaTeX Font Info:    Redeclaring math symbol \rightarrowtail on input line 100.
LaTeX Font Info:    Redeclaring math symbol \leftarrowtail on input line 101.
LaTeX Font Info:    Redeclaring math symbol \rightsquigarrow on input line 102.

LaTeX Font Info:    Redeclaring math symbol \leftrightsquigarrow on input line 
103.
LaTeX Font Info:    Redeclaring math symbol \Lsh on input line 104.
LaTeX Font Info:    Redeclaring math symbol \Rsh on input line 105.
LaTeX Font Info:    Redeclaring math symbol \looparrowleft on input line 106.
LaTeX Font Info:    Redeclaring math symbol \looparrowright on input line 107.
LaTeX Font Info:    Redeclaring math symbol \circlearrowright on input line 108
.
LaTeX Font Info:    Redeclaring math symbol \circlearrowleft on input line 109.

LaTeX Font Info:    Redeclaring math symbol \curvearrowleft on input line 110.
LaTeX Font Info:    Redeclaring math symbol \curvearrowright on input line 111.

LaTeX Font Info:    Redeclaring math symbol \nleftarrow on input line 112.
LaTeX Font Info:    Redeclaring math symbol \nrightarrow on input line 113.
LaTeX Font Info:    Redeclaring math symbol \nleftrightarrow on input line 114.

LaTeX Font Info:    Redeclaring math symbol \nLeftarrow on input line 115.
LaTeX Font Info:    Redeclaring math symbol \nRightarrow on input line 116.
LaTeX Font Info:    Redeclaring math symbol \nLeftrightarrow on input line 117.

LaTeX Font Info:    Redeclaring math symbol \Lleftarrow on input line 118.
LaTeX Font Info:    Redeclaring math symbol \Rrightarrow on input line 119.
LaTeX Font Info:    Redeclaring math symbol \lhook on input line 121.
LaTeX Font Info:    Redeclaring math symbol \rhook on input line 122.
LaTeX Font Info:    Redeclaring math symbol \multimap on input line 123.
LaTeX Font Info:    Redeclaring math symbol \therefore on input line 125.
LaTeX Font Info:    Redeclaring math symbol \because on input line 126.
LaTeX Font Info:    Redeclaring math symbol \between on input line 127.
LaTeX Font Info:    Redeclaring math symbol \Vdash on input line 128.
LaTeX Font Info:    Redeclaring math symbol \Vvdash on input line 129.
LaTeX Font Info:    Redeclaring math symbol \vDash on input line 131.
LaTeX Font Info:    Redeclaring math symbol \smallsmile on input line 132.
LaTeX Font Info:    Redeclaring math symbol \smallfrown on input line 133.
LaTeX Font Info:    Redeclaring math symbol \shortmid on input line 134.
LaTeX Font Info:    Redeclaring math symbol \shortparallel on input line 135.
LaTeX Font Info:    Redeclaring math symbol \backprime on input line 136.
LaTeX Font Info:    Redeclaring math symbol \varnothing on input line 137.
LaTeX Font Info:    Redeclaring math symbol \thickapprox on input line 138.
LaTeX Font Info:    Redeclaring math symbol \divideontimes on input line 139.
LaTeX Font Info:    Redeclaring math symbol \lessdot on input line 140.
LaTeX Font Info:    Redeclaring math symbol \gtrdot on input line 141.
LaTeX Font Info:    Redeclaring math symbol \bumpeq on input line 142.
LaTeX Font Info:    Redeclaring math symbol \Bumpeq on input line 143.
LaTeX Font Info:    Redeclaring math symbol \leqslant on input line 144.
LaTeX Font Info:    Redeclaring math symbol \geqslant on input line 145.
LaTeX Font Info:    Redeclaring math symbol \eqslantless on input line 146.
LaTeX Font Info:    Redeclaring math symbol \eqslantgtr on input line 147.
LaTeX Font Info:    Redeclaring math symbol \curlyeqprec on input line 148.
LaTeX Font Info:    Redeclaring math symbol \curlyeqsucc on input line 149.
LaTeX Font Info:    Redeclaring math symbol \preccurlyeq on input line 150.
LaTeX Font Info:    Redeclaring math symbol \succcurlyeq on input line 151.
LaTeX Font Info:    Redeclaring math symbol \thicksim on input line 152.
LaTeX Font Info:    Redeclaring math symbol \backsim on input line 153.
LaTeX Font Info:    Redeclaring math symbol \eqsim on input line 154.
LaTeX Font Info:    Redeclaring math symbol \backsimeq on input line 155.
LaTeX Font Info:    Redeclaring math symbol \ltimes on input line 156.
LaTeX Font Info:    Redeclaring math symbol \rtimes on input line 157.
LaTeX Font Info:    Redeclaring math symbol \lll on input line 158.
LaTeX Font Info:    Redeclaring math symbol \ggg on input line 159.
LaTeX Font Info:    Redeclaring math symbol \triangleq on input line 160.
LaTeX Font Info:    Redeclaring math symbol \circeq on input line 161.
LaTeX Font Info:    Redeclaring math symbol \eqcirc on input line 162.
LaTeX Font Info:    Redeclaring math symbol \doteqdot on input line 163.
LaTeX Font Info:    Redeclaring math symbol \risingdotseq on input line 164.
LaTeX Font Info:    Redeclaring math symbol \fallingdotseq on input line 165.
LaTeX Font Info:    Redeclaring math symbol \varpropto on input line 166.
LaTeX Font Info:    Redeclaring math symbol \lozenge on input line 169.
LaTeX Font Info:    Redeclaring math symbol \blacklozenge on input line 170.
LaTeX Font Info:    Redeclaring math symbol \vartriangleright on input line 171
.
LaTeX Font Info:    Redeclaring math symbol \vartriangleleft on input line 172.

LaTeX Font Info:    Redeclaring math symbol \trianglerighteq on input line 173.

LaTeX Font Info:    Redeclaring math symbol \trianglelefteq on input line 174.
LaTeX Font Info:    Redeclaring math symbol \blacktriangledown on input line 17
5.
LaTeX Font Info:    Redeclaring math symbol \blacktriangleright on input line 1
76.
LaTeX Font Info:    Redeclaring math symbol \blacktriangleleft on input line 17
7.
LaTeX Font Info:    Redeclaring math symbol \blacktriangle on input line 178.
LaTeX Font Info:    Redeclaring math symbol \vartriangle on input line 179.
LaTeX Font Info:    Redeclaring math symbol \triangledown on input line 180.
LaTeX Font Info:    Redeclaring math symbol \centerdot on input line 181.
LaTeX Font Info:    Redeclaring math symbol \blacksquare on input line 182.
LaTeX Font Info:    Redeclaring math symbol \boxplus on input line 183.
LaTeX Font Info:    Redeclaring math symbol \boxminus on input line 184.
LaTeX Font Info:    Redeclaring math symbol \boxtimes on input line 185.
LaTeX Font Info:    Redeclaring math symbol \square on input line 186.
LaTeX Font Info:    Redeclaring math symbol \boxdot on input line 187.
LaTeX Font Info:    Redeclaring math symbol \circledcirc on input line 188.
LaTeX Font Info:    Redeclaring math symbol \circledast on input line 189.
LaTeX Font Info:    Redeclaring math symbol \circleddash on input line 190.
LaTeX Font Info:    Redeclaring math symbol \beth on input line 191.
LaTeX Font Info:    Redeclaring math symbol \gimel on input line 192.
LaTeX Font Info:    Redeclaring math symbol \daleth on input line 193.
LaTeX Font Info:    Redeclaring math symbol \Finv on input line 194.
LaTeX Font Info:    Redeclaring math symbol \Game on input line 195.
LaTeX Font Info:    Redeclaring math symbol \complement on input line 196.
LaTeX Font Info:    Redeclaring math symbol \intercal on input line 197.
LaTeX Font Info:    Redeclaring math symbol \mp on input line 198.
LaTeX Font Info:    Redeclaring math symbol \lvertneqq on input line 207.
LaTeX Font Info:    Redeclaring math symbol \gvertneqq on input line 208.
LaTeX Font Info:    Redeclaring math symbol \nleq on input line 209.
LaTeX Font Info:    Redeclaring math symbol \ngeq on input line 210.
LaTeX Font Info:    Redeclaring math symbol \nless on input line 211.
LaTeX Font Info:    Redeclaring math symbol \ngtr on input line 212.
LaTeX Font Info:    Redeclaring math symbol \nprec on input line 213.
LaTeX Font Info:    Redeclaring math symbol \nsucc on input line 214.
LaTeX Font Info:    Redeclaring math symbol \lneqq on input line 215.
LaTeX Font Info:    Redeclaring math symbol \gneqq on input line 216.
LaTeX Font Info:    Redeclaring math symbol \nleqslant on input line 217.
LaTeX Font Info:    Redeclaring math symbol \ngeqslant on input line 218.
LaTeX Font Info:    Redeclaring math symbol \lneq on input line 219.
LaTeX Font Info:    Redeclaring math symbol \gneq on input line 220.
LaTeX Font Info:    Redeclaring math symbol \npreceq on input line 221.
LaTeX Font Info:    Redeclaring math symbol \nsucceq on input line 222.
LaTeX Font Info:    Redeclaring math symbol \nleqq on input line 223.
LaTeX Font Info:    Redeclaring math symbol \ngeqq on input line 224.
LaTeX Font Info:    Redeclaring math symbol \lnsim on input line 225.
LaTeX Font Info:    Redeclaring math symbol \gnsim on input line 226.
LaTeX Font Info:    Redeclaring math symbol \precnsim on input line 227.
LaTeX Font Info:    Redeclaring math symbol \succnsim on input line 228.
LaTeX Font Info:    Redeclaring math symbol \precneqq on input line 229.
LaTeX Font Info:    Redeclaring math symbol \succneqq on input line 230.
LaTeX Font Info:    Redeclaring math symbol \nsim on input line 231.
LaTeX Font Info:    Redeclaring math symbol \ncong on input line 232.
LaTeX Font Info:    Redeclaring math symbol \lnapprox on input line 233.
LaTeX Font Info:    Redeclaring math symbol \gnapprox on input line 234.
LaTeX Font Info:    Redeclaring math symbol \precnapprox on input line 235.
LaTeX Font Info:    Redeclaring math symbol \succnapprox on input line 236.
LaTeX Font Info:    Redeclaring math symbol \varsubsetneq on input line 239.
LaTeX Font Info:    Redeclaring math symbol \varsupsetneq on input line 240.
LaTeX Font Info:    Redeclaring math symbol \nsubseteqq on input line 241.
LaTeX Font Info:    Redeclaring math symbol \nsupseteqq on input line 242.
LaTeX Font Info:    Redeclaring math symbol \subsetneqq on input line 243.
LaTeX Font Info:    Redeclaring math symbol \supsetneqq on input line 244.
LaTeX Font Info:    Redeclaring math symbol \varsubsetneqq on input line 245.
LaTeX Font Info:    Redeclaring math symbol \varsupsetneqq on input line 246.
LaTeX Font Info:    Redeclaring math symbol \subsetneq on input line 247.
LaTeX Font Info:    Redeclaring math symbol \supsetneq on input line 248.
LaTeX Font Info:    Redeclaring math symbol \nsubseteq on input line 249.
LaTeX Font Info:    Redeclaring math symbol \nsupseteq on input line 250.
LaTeX Font Info:    Redeclaring math symbol \nparallel on input line 251.
LaTeX Font Info:    Redeclaring math symbol \nmid on input line 252.
LaTeX Font Info:    Redeclaring math symbol \nshortmid on input line 253.
LaTeX Font Info:    Redeclaring math symbol \nshortparallel on input line 254.
LaTeX Font Info:    Redeclaring math symbol \nvdash on input line 255.
LaTeX Font Info:    Redeclaring math symbol \nVdash on input line 256.
LaTeX Font Info:    Redeclaring math symbol \nvDash on input line 257.
LaTeX Font Info:    Redeclaring math symbol \nVDash on input line 258.
LaTeX Font Info:    Redeclaring math symbol \ntrianglerighteq on input line 259
.
LaTeX Font Info:    Redeclaring math symbol \ntrianglelefteq on input line 260.

LaTeX Font Info:    Redeclaring math symbol \ntriangleleft on input line 261.
LaTeX Font Info:    Redeclaring math symbol \ntriangleright on input line 262.
LaTeX Font Info:    Redeclaring math symbol \precapprox on input line 263.
LaTeX Font Info:    Redeclaring math symbol \succapprox on input line 264.
LaTeX Font Info:    Redeclaring math symbol \precsim on input line 265.
LaTeX Font Info:    Redeclaring math symbol \succsim on input line 266.
LaTeX Font Info:    Redeclaring math symbol \lesssim on input line 267.
LaTeX Font Info:    Redeclaring math symbol \gtrsim on input line 268.
LaTeX Font Info:    Redeclaring math symbol \lessapprox on input line 269.
LaTeX Font Info:    Redeclaring math symbol \gtrapprox on input line 270.
LaTeX Font Info:    Redeclaring math symbol \leqq on input line 271.
LaTeX Font Info:    Redeclaring math symbol \geqq on input line 272.
LaTeX Font Info:    Redeclaring math symbol \lessgtr on input line 273.
LaTeX Font Info:    Redeclaring math symbol \gtrless on input line 274.
LaTeX Font Info:    Redeclaring math symbol \lesseqgtr on input line 275.
LaTeX Font Info:    Redeclaring math symbol \gtreqless on input line 276.
LaTeX Font Info:    Redeclaring math symbol \lesseqqgtr on input line 277.
LaTeX Font Info:    Redeclaring math symbol \gtreqqless on input line 278.
LaTeX Font Info:    Redeclaring math symbol \Subset on input line 279.
LaTeX Font Info:    Redeclaring math symbol \Supset on input line 280.
LaTeX Font Info:    Redeclaring math symbol \Cup on input line 281.
LaTeX Font Info:    Redeclaring math symbol \Cap on input line 282.
LaTeX Font Info:    Redeclaring math symbol \subseteqq on input line 283.
LaTeX Font Info:    Redeclaring math symbol \supseteqq on input line 284.
LaTeX Font Info:    Redeclaring math symbol \curlywedge on input line 285.
LaTeX Font Info:    Redeclaring math symbol \curlyvee on input line 286.
LaTeX Font Info:    Redeclaring math symbol \veebar on input line 287.
LaTeX Font Info:    Redeclaring math symbol \barwedge on input line 288.
LaTeX Font Info:    Redeclaring math symbol \doublebarwedge on input line 289.
LaTeX Font Info:    Redeclaring math symbol \leftthreetimes on input line 290.
LaTeX Font Info:    Redeclaring math symbol \rightthreetimes on input line 291.

LaTeX Font Info:    Redeclaring math symbol \measuredangle on input line 293.
LaTeX Font Info:    Redeclaring math symbol \sphericalangle on input line 294.
LaTeX Font Info:    Redeclaring math delimiter \ulcorner on input line 295.
LaTeX Font Info:    Redeclaring math delimiter \urcorner on input line 296.
LaTeX Font Info:    Redeclaring math symbol \smallsetminus on input line 297.
LaTeX Font Info:    Redeclaring math symbol \diagup on input line 298.
LaTeX Font Info:    Redeclaring math symbol \diagdown on input line 299.
LaTeX Font Info:    Redeclaring math symbol \approxeq on input line 300.
LaTeX Font Info:    Redeclaring math symbol \dotplus on input line 301.
LaTeX Font Info:    Redeclaring math symbol \pitchfork on input line 302.
LaTeX Font Info:    Redeclaring math delimiter \llcorner on input line 303.
LaTeX Font Info:    Redeclaring math delimiter \lrcorner on input line 304.
LaTeX Font Info:    Redeclaring math symbol \nexists on input line 305.
LaTeX Font Info:    Redeclaring math symbol \bigstar on input line 306.
LaTeX Font Info:    Redeclaring math symbol \mathsection on input line 319.
LaTeX Font Info:    Redeclaring math symbol \dagger on input line 320.
LaTeX Font Info:    Redeclaring math symbol \ddagger on input line 321.
LaTeX Font Info:    Redeclaring math symbol \mathparagraph on input line 322.
LaTeX Font Info:    Redeclaring math symbol \clubsuit on input line 323.
LaTeX Font Info:    Redeclaring math symbol \diamondsuit on input line 324.
LaTeX Font Info:    Redeclaring math symbol \heartsuit on input line 325.
LaTeX Font Info:    Redeclaring math symbol \spadesuit on input line 326.
LaTeX Font Info:    Redeclaring math symbol \star on input line 327.
LaTeX Font Info:    Redeclaring math symbol \flat on input line 328.
LaTeX Font Info:    Redeclaring math symbol \natural on input line 329.
LaTeX Font Info:    Redeclaring math symbol \sharp on input line 330.
LaTeX Font Info:    Redeclaring math symbol \smile on input line 331.
LaTeX Font Info:    Redeclaring math symbol \frown on input line 332.
LaTeX Font Info:    Redeclaring math symbol \triangleright on input line 333.
LaTeX Font Info:    Redeclaring math symbol \triangleleft on input line 334.
LaTeX Font Info:    Redeclaring math symbol \oslash on input line 365.
LaTeX Font Info:    Redeclaring math symbol \DashV on input line 433.
LaTeX Font Info:    Redeclaring math symbol \alpha on input line 471.
LaTeX Font Info:    Redeclaring math symbol \beta on input line 472.
LaTeX Font Info:    Redeclaring math symbol \gamma on input line 473.
LaTeX Font Info:    Redeclaring math symbol \delta on input line 474.
LaTeX Font Info:    Redeclaring math symbol \epsilon on input line 475.
LaTeX Font Info:    Redeclaring math symbol \zeta on input line 476.
LaTeX Font Info:    Redeclaring math symbol \eta on input line 477.
LaTeX Font Info:    Redeclaring math symbol \theta on input line 478.
LaTeX Font Info:    Redeclaring math symbol \iota on input line 479.
LaTeX Font Info:    Redeclaring math symbol \kappa on input line 480.
LaTeX Font Info:    Redeclaring math symbol \lambda on input line 481.
LaTeX Font Info:    Redeclaring math symbol \mu on input line 482.
LaTeX Font Info:    Redeclaring math symbol \nu on input line 483.
LaTeX Font Info:    Redeclaring math symbol \xi on input line 484.
LaTeX Font Info:    Redeclaring math symbol \pi on input line 485.
LaTeX Font Info:    Redeclaring math symbol \rho on input line 486.
LaTeX Font Info:    Redeclaring math symbol \sigma on input line 487.
LaTeX Font Info:    Redeclaring math symbol \tau on input line 488.
LaTeX Font Info:    Redeclaring math symbol \upsilon on input line 489.
LaTeX Font Info:    Redeclaring math symbol \phi on input line 490.
LaTeX Font Info:    Redeclaring math symbol \chi on input line 491.
LaTeX Font Info:    Redeclaring math symbol \psi on input line 492.
LaTeX Font Info:    Redeclaring math symbol \omega on input line 493.
LaTeX Font Info:    Redeclaring math symbol \varepsilon on input line 494.
LaTeX Font Info:    Redeclaring math symbol \vartheta on input line 495.
LaTeX Font Info:    Redeclaring math symbol \varpi on input line 496.
LaTeX Font Info:    Redeclaring math symbol \varrho on input line 497.
LaTeX Font Info:    Redeclaring math symbol \varsigma on input line 498.
LaTeX Font Info:    Redeclaring math symbol \varphi on input line 499.
LaTeX Font Info:    Redeclaring math symbol \varkappa on input line 506.
LaTeX Font Info:    Redeclaring math symbol \digamma on input line 508.
LaTeX Font Info:    Redeclaring math symbol \imath on input line 514.
LaTeX Font Info:    Redeclaring math symbol \jmath on input line 515.
LaTeX Font Info:    Redeclaring math symbol \backepsilon on input line 517.
LaTeX Font Info:    Redeclaring math symbol \wp on input line 519.
LaTeX Font Info:    Redeclaring math accent \vec on input line 520.
LaTeX Font Info:    Redeclaring math symbol \hslash on input line 522.
LaTeX Font Info:    Redeclaring math symbol \hbar on input line 523.
LaTeX Font Info:    Redeclaring math symbol \Bbbk on input line 528.
)
LaTeX Font Info:    Trying to load font information for OT1+bsk on input line 1
6.

(/usr/share/texlive/texmf-dist/tex/latex/boisik/ot1bsk.fd
File: ot1bsk.fd 2009/08/21 v0.5 Boisik font
) (./report.aux)
\openout1 = `report.aux'.

LaTeX Font Info:    Checking defaults for OML/cmm/m/it on input line 16.
LaTeX Font Info:    ... okay on input line 16.
LaTeX Font Info:    Checking defaults for OMS/cmsy/m/n on input line 16.
LaTeX Font Info:    ... okay on input line 16.
LaTeX Font Info:    Checking defaults for OT1/cmr/m/n on input line 16.
LaTeX Font Info:    ... okay on input line 16.
LaTeX Font Info:    Checking defaults for T1/cmr/m/n on input line 16.
LaTeX Font Info:    ... okay on input line 16.
LaTeX Font Info:    Checking defaults for TS1/cmr/m/n on input line 16.
LaTeX Font Info:    Trying to load font information for TS1+cmr on input line 1
6.

(/usr/share/texlive/texmf-dist/tex/latex/base/ts1cmr.fd
File: ts1cmr.fd 2023/04/13 v2.5m Standard LaTeX font definitions
)
LaTeX Font Info:    ... okay on input line 16.
LaTeX Font Info:    Checking defaults for TU/lmr/m/n on input line 16.
LaTeX Font Info:    ... okay on input line 16.
LaTeX Font Info:    Checking defaults for OMX/cmex/m/n on input line 16.
LaTeX Font Info:    ... okay on input line 16.
LaTeX Font Info:    Checking defaults for U/cmr/m/n on input line 16.
LaTeX Font Info:    ... okay on input line 16.
LaTeX Font Info:    Checking defaults for PD1/pdf/m/n on input line 16.
LaTeX Font Info:    ... okay on input line 16.
LaTeX Font Info:    Checking defaults for PU/pdf/m/n on input line 16.
LaTeX Font Info:    ... okay on input line 16.
LaTeX Font Info:    Checking defaults for LBM/cmr/m/n on input line 16.
LaTeX Font Info:    Trying to load font information for LBM+cmr on input line 1
6.

(/usr/share/texlive/texmf-dist/tex/latex/boisik/lbmcmr.fd
File: lbmcmr.fd 
)
LaTeX Font Info:    ... okay on input line 16.
LaTeX Font Info:    Checking defaults for LBS/cmr/m/n on input line 16.
LaTeX Font Info:    Trying to load font information for LBS+cmr on input line 1
6.

(/usr/share/texlive/texmf-dist/tex/latex/boisik/lbscmr.fd
File: lbscmr.fd 
)
LaTeX Font Info:    ... okay on input line 16.
LaTeX Font Info:    Checking defaults for LBL/bskm/m/it on input line 16.
LaTeX Font Info:    Trying to load font information for LBL+bskm on input line 
16.

(/usr/share/texlive/texmf-dist/tex/latex/boisik/lblbskm.fd
File: lblbskm.fd 2009/08/21 v0.5 Boisik font
)
LaTeX Font Info:    ... okay on input line 16.
Package hyperref Info: Link coloring OFF on input line 16.
 (./report.out)
(./report.out)
\@outlinefile=\write3
\openout3 = `report.out'.


Package fontspec Info: Adjusting the maths setup (use [no-math] to avoid
(fontspec)             this).

\symlegacymaths=\mathgroup8
LaTeX Font Info:    Overwriting symbol font `legacymaths' in version `bold'
(Font)                  OT1/cmr/m/n --> OT1/cmr/bx/n on input line 16.
LaTeX Font Info:    Redeclaring math accent \acute on input line 16.
LaTeX Font Info:    Redeclaring math accent \grave on input line 16.
LaTeX Font Info:    Redeclaring math accent \ddot on input line 16.
LaTeX Font Info:    Redeclaring math accent \tilde on input line 16.
LaTeX Font Info:    Redeclaring math accent \bar on input line 16.
LaTeX Font Info:    Redeclaring math accent \breve on input line 16.
LaTeX Font Info:    Redeclaring math accent \check on input line 16.
LaTeX Font Info:    Redeclaring math accent \hat on input line 16.
LaTeX Font Info:    Redeclaring math accent \dot on input line 16.
LaTeX Font Info:    Redeclaring math accent \mathring on input line 16.
LaTeX Font Info:    Redeclaring math symbol \Gamma on input line 16.
LaTeX Font Info:    Redeclaring math symbol \Delta on input line 16.
LaTeX Font Info:    Redeclaring math symbol \Theta on input line 16.
LaTeX Font Info:    Redeclaring math symbol \Lambda on input line 16.
LaTeX Font Info:    Redeclaring math symbol \Xi on input line 16.
LaTeX Font Info:    Redeclaring math symbol \Pi on input line 16.
LaTeX Font Info:    Redeclaring math symbol \Sigma on input line 16.
LaTeX Font Info:    Redeclaring math symbol \Upsilon on input line 16.
LaTeX Font Info:    Redeclaring math symbol \Phi on input line 16.
LaTeX Font Info:    Redeclaring math symbol \Psi on input line 16.
LaTeX Font Info:    Redeclaring math symbol \Omega on input line 16.
LaTeX Font Info:    Redeclaring math symbol \mathdollar on input line 16.
LaTeX Font Info:    Redeclaring symbol font `operators' on input line 16.
LaTeX Font Info:    Encoding `OT1' has changed to `TU' for symbol font
(Font)              `operators' in the math version `normal' on input line 16.
LaTeX Font Info:    Overwriting symbol font `operators' in version `normal'
(Font)                  OT1/bskf/m/n --> TU/bsk/m/n on input line 16.
LaTeX Font Info:    Encoding `OT1' has changed to `TU' for symbol font
(Font)              `operators' in the math version `bold' on input line 16.
LaTeX Font Info:    Overwriting symbol font `operators' in version `bold'
(Font)                  OT1/bskf/m/n --> TU/bsk/m/n on input line 16.
LaTeX Font Info:    Overwriting symbol font `operators' in version `normal'
(Font)                  TU/bsk/m/n --> TU/bsk/m/n on input line 16.
LaTeX Font Info:    Overwriting math alphabet `\mathit' in version `normal'
(Font)                  OT1/bsk/m/it --> TU/bsk/m/it on input line 16.
LaTeX Font Info:    Overwriting math alphabet `\mathbf' in version `normal'
(Font)                  OT1/bsk/b/n --> TU/bsk/b/n on input line 16.
LaTeX Font Info:    Overwriting math alphabet `\mathsf' in version `normal'
(Font)                  U/bskma/m/n --> TU/lmss/m/n on input line 16.
LaTeX Font Info:    Overwriting math alphabet `\mathtt' in version `normal'
(Font)                  OT1/cmtt/m/n --> TU/lmtt/m/n on input line 16.
LaTeX Font Info:    Overwriting symbol font `operators' in version `bold'
(Font)                  TU/bsk/m/n --> TU/bsk/b/n on input line 16.
LaTeX Font Info:    Overwriting math alphabet `\mathit' in version `bold'
(Font)                  OT1/bsk/m/it --> TU/bsk/b/it on input line 16.
LaTeX Font Info:    Overwriting math alphabet `\mathsf' in version `bold'
(Font)                  U/bskma/m/n --> TU/lmss/b/n on input line 16.
LaTeX Font Info:    Overwriting math alphabet `\mathtt' in version `bold'
(Font)                  OT1/cmtt/m/n --> TU/lmtt/b/n on input line 16.
LaTeX Font Info:    Trying to load font information for TU+bsk on input line 19
.
LaTeX Font Info:    No file TUbsk.fd. on input line 19.


LaTeX Font Warning: Font shape `TU/bsk/m/n' undefined
(Font)              using `TU/lmr/m/n' instead on input line 19.

LaTeX Font Info:    Trying to load font information for LBS+bsksy on input line
 19.
(/usr/share/texlive/texmf-dist/tex/latex/boisik/lbsbsksy.fd
File: lbsbsksy.fd 2009/08/21 v0.5 Boisik font
)
LaTeX Font Info:    Trying to load font information for U+bskex on input line 1
9.

(/usr/share/texlive/texmf-dist/tex/latex/boisik/ubskex.fd
File: ubskex.fd 2009/08/21 v0.5 Boisik font
)
LaTeX Font Info:    External font `bskex10' loaded for size
(Font)              <12> on input line 19.
LaTeX Font Info:    External font `bskex10' loaded for size
(Font)              <8> on input line 19.
LaTeX Font Info:    External font `bskex10' loaded for size
(Font)              <6> on input line 19.
LaTeX Font Info:    Trying to load font information for U+msa on input line 19.


(/usr/share/texlive/texmf-dist/tex/latex/amsfonts/umsa.fd
File: umsa.fd 2013/01/14 v3.01 AMS symbols A
)
LaTeX Font Info:    Trying to load font information for U+msb on input line 19.


(/usr/share/texlive/texmf-dist/tex/latex/amsfonts/umsb.fd
File: umsb.fd 2013/01/14 v3.01 AMS symbols B
)
LaTeX Font Info:    Trying to load font information for LBM+bskms on input line
 19.

(/usr/share/texlive/texmf-dist/tex/latex/boisik/lbmbskms.fd
File: lbmbskms.fd 2009/08/21 v0.5 Boisik font
)
Missing character: There is no — ("2014) in font bskr10!
Missing character: There is no ñ ("F1) in font bskr10!
Missing character: There is no — ("2014) in font bskr10!

Package hyperref Warning: Token not allowed in a PDF string (Unicode):
(hyperref)                removing `math shift' on input line 38.


Package hyperref Warning: Token not allowed in a PDF string (Unicode):
(hyperref)                removing `subscript' on input line 38.


Package hyperref Warning: Token not allowed in a PDF string (Unicode):
(hyperref)                removing `math shift' on input line 38.

LaTeX Font Info:    External font `bskex10' loaded for size
(Font)              <10> on input line 40.
LaTeX Font Info:    External font `bskex10' loaded for size
(Font)              <7> on input line 40.
LaTeX Font Info:    External font `bskex10' loaded for size
(Font)              <5> on input line 40.
[1

]
LaTeX Font Info:    Trying to load font information for LBS+bsk on input line 5
8.
 (/usr/share/texlive/texmf-dist/tex/latex/boisik/lbsbsk.fd
File: lbsbsk.fd 2009/08/21 v0.5 Boisik font
)
LaTeX Font Info:    Font shape `LBS/bsk/m/n' in size <10> not available
(Font)              Font shape `LBS/bsksy/m/n' tried instead on input line 58.


Package hyperref Warning: Token not allowed in a PDF string (Unicode):
(hyperref)                removing `math shift' on input line 64.


Package hyperref Warning: Token not allowed in a PDF string (Unicode):
(hyperref)                removing `subscript' on input line 64.


Package hyperref Warning: Token not allowed in a PDF string (Unicode):
(hyperref)                removing `math shift' on input line 64.

[2] (./report.aux)
 ***********
LaTeX2e <2023-11-01> patch level 1
L3 programming layer <2024-01-22>
 ***********


LaTeX Font Warning: Some font shapes were not available, defaults substituted.

Package rerunfilecheck Info: File `report.out' has not changed.
(rerunfilecheck)             Checksum: 36D12D51AB03654230767859DA12BFFD;1475.
 ) 
Here is how much of TeX's memory you used:
 12355 strings out of 474878
 236558 string characters out of 5762515
 1928627 words of memory out of 5000000
 34234 multiletter control sequences out of 15000+600000
 601047 words of font info for 93 fonts, out of 8000000 for 9000
 1348 hyphenation exceptions out of 8191
 79i,7n,93p,408b,327s stack positions out of 10000i,1000n,20000p,200000b,200000s

Output written on report.pdf (2 pages).
